<?xml version="1.0"?><coverage lines-covered="266" lines-valid="316" line-rate="0.8417721518987342" branches-covered="0" branches-valid="0" branch-rate="0" complexity="0" version="1.9" timestamp="1765742483"><sources><source>/home/albalda/pm_encoder/rust</source></sources><packages><package name="src/analyzers" line-rate="0.8435754189944135" branch-rate="0" complexity="0"><classes><class name="generic" filename="src/analyzers/generic.rs" line-rate="0.8256880733944955" branch-rate="0" complexity="0"><methods/><lines><line number="29" hits="3"/><line number="31" hits="3"/><line number="32" hits="12"/><line number="39" hits="3"/><line number="44" hits="1"/><line number="45" hits="2"/><line number="46" hits="1"/><line number="50" hits="1"/><line number="51" hits="2"/><line number="52" hits="1"/><line number="56" hits="1"/><line number="57" hits="2"/><line number="58" hits="1"/><line number="62" hits="1"/><line number="63" hits="2"/><line number="64" hits="1"/><line number="68" hits="1"/><line number="69" hits="2"/><line number="70" hits="1"/><line number="74" hits="1"/><line number="75" hits="2"/><line number="76" hits="1"/><line number="80" hits="0"/><line number="81" hits="0"/><line number="82" hits="0"/><line number="93" hits="1"/><line number="98" hits="1"/><line number="99" hits="1"/><line number="100" hits="1"/><line number="101" hits="1"/><line number="102" hits="1"/><line number="103" hits="1"/><line number="104" hits="1"/><line number="105" hits="1"/><line number="107" hits="2"/><line number="108" hits="2"/><line number="111" hits="2"/><line number="112" hits="2"/><line number="113" hits="2"/><line number="114" hits="2"/><line number="120" hits="2"/><line number="121" hits="2"/><line number="122" hits="2"/><line number="123" hits="2"/><line number="124" hits="2"/><line number="130" hits="2"/><line number="131" hits="2"/><line number="132" hits="0"/><line number="133" hits="0"/><line number="139" hits="2"/><line number="140" hits="2"/><line number="141" hits="1"/><line number="146" hits="2"/><line number="147" hits="2"/><line number="148" hits="0"/><line number="149" hits="0"/><line number="155" hits="2"/><line number="156" hits="1"/><line number="157" hits="0"/><line number="163" hits="3"/><line number="164" hits="1"/><line number="165" hits="4"/><line number="166" hits="0"/><line number="168" hits="1"/><line number="172" hits="1"/><line number="173" hits="1"/><line number="174" hits="1"/><line number="175" hits="3"/><line number="177" hits="1"/><line number="178" hits="0"/><line number="181" hits="2"/><line number="182" hits="1"/><line number="183" hits="3"/><line number="185" hits="1"/><line number="190" hits="1"/><line number="191" hits="1"/><line number="192" hits="2"/><line number="195" hits="0"/><line number="199" hits="0"/><line number="203" hits="0"/><line number="204" hits="0"/><line number="213" hits="7"/><line number="214" hits="2"/><line number="215" hits="2"/><line number="216" hits="2"/><line number="217" hits="2"/><line number="218" hits="2"/><line number="219" hits="2"/><line number="224" hits="6"/><line number="225" hits="2"/><line number="226" hits="2"/><line number="227" hits="2"/><line number="228" hits="2"/><line number="229" hits="2"/><line number="234" hits="4"/><line number="235" hits="2"/><line number="236" hits="2"/><line number="237" hits="2"/><line number="242" hits="0"/><line number="243" hits="0"/><line number="244" hits="0"/><line number="249" hits="1"/><line number="250" hits="1"/><line number="254" hits="1"/><line number="255" hits="1"/><line number="259" hits="1"/><line number="260" hits="1"/><line number="264" hits="0"/><line number="265" hits="0"/></lines></class><class name="mod" filename="src/analyzers/mod.rs" line-rate="1" branch-rate="0" complexity="0"><methods/><lines><line number="25" hits="1"/><line number="27" hits="1"/><line number="28" hits="1"/><line number="29" hits="1"/><line number="30" hits="1"/><line number="31" hits="1"/><line number="32" hits="1"/><line number="33" hits="1"/><line number="34" hits="1"/><line number="35" hits="1"/><line number="36" hits="1"/></lines></class><class name="rust_analyzer" filename="src/analyzers/rust_analyzer.rs" line-rate="0.847457627118644" branch-rate="0" complexity="0"><methods/><lines><line number="7" hits="1"/><line number="8" hits="1"/><line number="9" hits="1"/><line number="10" hits="0"/><line number="11" hits="1"/><line number="12" hits="1"/><line number="13" hits="1"/><line number="24" hits="2"/><line number="25" hits="2"/><line number="26" hits="2"/><line number="27" hits="2"/><line number="28" hits="2"/><line number="29" hits="2"/><line number="30" hits="2"/><line number="31" hits="2"/><line number="32" hits="1"/><line number="34" hits="3"/><line number="35" hits="3"/><line number="38" hits="5"/><line number="39" hits="2"/><line number="40" hits="2"/><line number="45" hits="3"/><line number="46" hits="2"/><line number="47" hits="2"/><line number="52" hits="3"/><line number="53" hits="2"/><line number="54" hits="2"/><line number="55" hits="2"/><line number="58" hits="1"/><line number="59" hits="1"/><line number="60" hits="1"/><line number="66" hits="2"/><line number="67" hits="0"/><line number="68" hits="0"/><line number="73" hits="4"/><line number="74" hits="0"/><line number="75" hits="0"/><line number="80" hits="5"/><line number="81" hits="0"/><line number="82" hits="0"/><line number="88" hits="3"/><line number="89" hits="1"/><line number="90" hits="4"/><line number="91" hits="1"/><line number="93" hits="1"/><line number="98" hits="3"/><line number="99" hits="3"/><line number="100" hits="3"/><line number="103" hits="3"/><line number="106" hits="3"/><line number="108" hits="3"/><line number="111" hits="3"/><line number="113" hits="3"/><line number="115" hits="3"/><line number="120" hits="2"/><line number="121" hits="2"/><line number="122" hits="4"/><line number="125" hits="0"/><line number="129" hits="0"/></lines></class></classes></package><package name="src" line-rate="0.8417721518987342" branch-rate="0" complexity="0"><classes><class name="lib" filename="src/lib.rs" line-rate="0.9663865546218487" branch-rate="0" complexity="0"><methods/><lines><line number="49" hits="5"/><line number="51" hits="5"/><line number="52" hits="5"/><line number="69" hits="0"/><line number="70" hits="4"/><line number="73" hits="4"/><line number="79" hits="0"/><line number="80" hits="3"/><line number="93" hits="5"/><line number="94" hits="5"/><line number="96" hits="10"/><line number="98" hits="10"/><line number="101" hits="2"/><line number="102" hits="1"/><line number="104" hits="5"/><line number="105" hits="1"/><line number="107" hits="1"/><line number="119" hits="4"/><line number="120" hits="4"/><line number="134" hits="4"/><line number="136" hits="6"/><line number="137" hits="7"/><line number="150" hits="10"/><line number="151" hits="5"/><line number="164" hits="5"/><line number="165" hits="10"/><line number="167" hits="2"/><line number="168" hits="1"/><line number="171" hits="3"/><line number="172" hits="2"/><line number="177" hits="2"/><line number="178" hits="2"/><line number="179" hits="3"/><line number="181" hits="2"/><line number="182" hits="1"/><line number="185" hits="3"/><line number="186" hits="1"/><line number="187" hits="2"/><line number="188" hits="0"/><line number="194" hits="5"/><line number="218" hits="13"/><line number="223" hits="9"/><line number="224" hits="7"/><line number="227" hits="9"/><line number="228" hits="1"/><line number="232" hits="653"/><line number="234" hits="1"/><line number="235" hits="430"/><line number="238" hits="1"/><line number="242" hits="5"/><line number="258" hits="29"/><line number="264" hits="30"/><line number="265" hits="36"/><line number="266" hits="23"/><line number="269" hits="5"/><line number="271" hits="109"/><line number="272" hits="1"/><line number="273" hits="1"/><line number="274" hits="2"/><line number="275" hits="55"/><line number="276" hits="56"/><line number="279" hits="7"/><line number="283" hits="5"/><line number="291" hits="26"/><line number="292" hits="17"/><line number="295" hits="27"/><line number="297" hits="33"/><line number="298" hits="28"/><line number="299" hits="23"/><line number="301" hits="10"/><line number="304" hits="8"/><line number="305" hits="10"/><line number="307" hits="54"/><line number="308" hits="56"/><line number="309" hits="57"/><line number="311" hits="5"/><line number="313" hits="5"/><line number="316" hits="19"/><line number="317" hits="16"/><line number="320" hits="19"/><line number="321" hits="21"/><line number="324" hits="20"/><line number="325" hits="14"/><line number="329" hits="18"/><line number="330" hits="20"/><line number="331" hits="24"/><line number="332" hits="5"/><line number="335" hits="49"/><line number="340" hits="60"/><line number="341" hits="58"/><line number="344" hits="8"/><line number="346" hits="2"/><line number="347" hits="2"/><line number="348" hits="17"/><line number="349" hits="18"/><line number="354" hits="15"/><line number="366" hits="10"/><line number="367" hits="10"/><line number="370" hits="4"/><line number="373" hits="3"/><line number="376" hits="2"/><line number="377" hits="5"/><line number="381" hits="10"/><line number="383" hits="0"/><line number="386" hits="4"/><line number="408" hits="4"/><line number="409" hits="4"/><line number="410" hits="4"/><line number="424" hits="4"/><line number="429" hits="4"/><line number="434" hits="5"/><line number="435" hits="5"/><line number="436" hits="5"/><line number="440" hits="2"/><line number="441" hits="9"/><line number="444" hits="2"/><line number="445" hits="7"/><line number="446" hits="6"/><line number="449" hits="2"/></lines></class></classes></package><package name="tests" line-rate="0" branch-rate="0" complexity="0"><classes></classes></package><package name="src/bin" line-rate="0" branch-rate="0" complexity="0"><classes><class name="main" filename="src/bin/main.rs" line-rate="0" branch-rate="0" complexity="0"><methods/><lines><line number="18" hits="0"/><line number="19" hits="0"/><line number="22" hits="0"/><line number="23" hits="0"/><line number="26" hits="0"/><line number="27" hits="0"/><line number="29" hits="0"/><line number="30" hits="0"/><line number="32" hits="0"/><line number="33" hits="0"/><line number="34" hits="0"/><line number="39" hits="0"/><line number="40" hits="0"/><line number="41" hits="0"/><line number="42" hits="0"/><line number="43" hits="0"/><line number="44" hits="0"/><line number="45" hits="0"/></lines></class></classes></package></packages></coverage>